<?xml version="1.0" encoding="UTF-8"?>
<!-- Generated by org.testng.reporters.JUnitXMLReporter -->
<testsuite ignored="0" hostname="DESKTOP-G7QOS9T" failures="0" tests="3" name="Daily Greetings" time="0.099" errors="0" timestamp="2020-10-20T16:48:05 EDT">
  <testcase classname="TestNGPackage.TestNGClass" name="Demo" time="0.016"/>
  <testcase classname="TestNGPackage.TestNGClass" name="Demo2" time="0.003"/>
  <testcase classname="TestNGPackage.TestNGClass2" name="Demo2" time="0.001"/>
</testsuite> <!-- Daily Greetings -->
