<?xml version="1.0" encoding="UTF-8"?>
<testng-results ignored="0" total="4" passed="4" failed="0" skipped="0">
  <reporter-output>
  </reporter-output>
  <suite started-at="2020-10-20T16:48:05 EDT" name="Greetings" finished-at="2020-10-20T16:48:05 EDT" duration-ms="188">
    <groups>
    </groups>
    <test started-at="2020-10-20T16:48:05 EDT" name="Daily Greetings" finished-at="2020-10-20T16:48:05 EDT" duration-ms="99">
      <class name="TestNGPackage.TestNGClass">
        <test-method signature="Demo()[pri:0, instance:TestNGPackage.TestNGClass@587e5365]" started-at="2020-10-20T16:48:05 EDT" name="Demo" finished-at="2020-10-20T16:48:05 EDT" duration-ms="16" status="PASS">
          <reporter-output>
          </reporter-output>
        </test-method> <!-- Demo -->
        <test-method signature="Demo2()[pri:0, instance:TestNGPackage.TestNGClass@587e5365]" started-at="2020-10-20T16:48:05 EDT" name="Demo2" finished-at="2020-10-20T16:48:05 EDT" duration-ms="3" status="PASS">
          <reporter-output>
          </reporter-output>
        </test-method> <!-- Demo2 -->
      </class> <!-- TestNGPackage.TestNGClass -->
      <class name="TestNGPackage.TestNGClass2">
        <test-method signature="Demo2()[pri:0, instance:TestNGPackage.TestNGClass2@22fcf7ab]" started-at="2020-10-20T16:48:05 EDT" name="Demo2" finished-at="2020-10-20T16:48:05 EDT" duration-ms="1" status="PASS">
          <reporter-output>
          </reporter-output>
        </test-method> <!-- Demo2 -->
      </class> <!-- TestNGPackage.TestNGClass2 -->
    </test> <!-- Daily Greetings -->
    <test started-at="2020-10-20T16:48:05 EDT" name="Words" finished-at="2020-10-20T16:48:05 EDT" duration-ms="5">
      <class name="TestNGPackage.TestNGClass3">
        <test-method signature="Demo3()[pri:0, instance:TestNGPackage.TestNGClass3@c86b9e3]" started-at="2020-10-20T16:48:05 EDT" name="Demo3" finished-at="2020-10-20T16:48:05 EDT" duration-ms="1" status="PASS">
          <reporter-output>
          </reporter-output>
        </test-method> <!-- Demo3 -->
      </class> <!-- TestNGPackage.TestNGClass3 -->
    </test> <!-- Words -->
  </suite> <!-- Greetings -->
</testng-results>
